{"C:\\Users\\Trilles\\Desktop\\Projetos VisualStudio\\Zoo-JS\\data\\zoo_data.js": {"path":"C:\\Users\\Trilles\\Desktop\\Projetos VisualStudio\\Zoo-JS\\data\\zoo_data.js","statementMap":{"0":{"start":{"line":1,"column":15},"end":{"line":1,"column":53}},"1":{"start":{"line":2,"column":17},"end":{"line":2,"column":55}},"2":{"start":{"line":3,"column":20},"end":{"line":3,"column":58}},"3":{"start":{"line":4,"column":17},"end":{"line":4,"column":55}},"4":{"start":{"line":5,"column":16},"end":{"line":5,"column":54}},"5":{"start":{"line":6,"column":16},"end":{"line":6,"column":54}},"6":{"start":{"line":7,"column":17},"end":{"line":7,"column":55}},"7":{"start":{"line":8,"column":19},"end":{"line":8,"column":57}},"8":{"start":{"line":10,"column":20},"end":{"line":10,"column":58}},"9":{"start":{"line":11,"column":14},"end":{"line":11,"column":52}},"10":{"start":{"line":12,"column":15},"end":{"line":12,"column":53}},"11":{"start":{"line":14,"column":0},"end":{"line":344,"column":2}}},"fnMap":{},"branchMap":{},"s":{"0":8,"1":8,"2":8,"3":8,"4":8,"5":8,"6":8,"7":8,"8":8,"9":8,"10":8,"11":8},"f":{},"b":{},"_coverageSchema":"1a1c01bbd47fc00a2c39e90264f33305004495a9","hash":"04aff7d6aa814415b2940b0fb75aeb19723be928"}
,"C:\\Users\\Trilles\\Desktop\\Projetos VisualStudio\\Zoo-JS\\src\\countAnimals.js": {"path":"C:\\Users\\Trilles\\Desktop\\Projetos VisualStudio\\Zoo-JS\\src\\countAnimals.js","statementMap":{"0":{"start":{"line":1,"column":13},"end":{"line":1,"column":40}},"1":{"start":{"line":4,"column":2},"end":{"line":28,"column":3}},"2":{"start":{"line":5,"column":21},"end":{"line":5,"column":23}},"3":{"start":{"line":6,"column":21},"end":{"line":6,"column":22}},"4":{"start":{"line":8,"column":4},"end":{"line":12,"column":6}},"5":{"start":{"line":9,"column":6},"end":{"line":9,"column":43}},"6":{"start":{"line":10,"column":6},"end":{"line":10,"column":25}},"7":{"start":{"line":11,"column":6},"end":{"line":11,"column":35}},"8":{"start":{"line":13,"column":4},"end":{"line":13,"column":21}},"9":{"start":{"line":15,"column":7},"end":{"line":28,"column":3}},"10":{"start":{"line":16,"column":20},"end":{"line":16,"column":82}},"11":{"start":{"line":16,"column":50},"end":{"line":16,"column":81}},"12":{"start":{"line":17,"column":15},"end":{"line":17,"column":16}},"13":{"start":{"line":18,"column":4},"end":{"line":22,"column":5}},"14":{"start":{"line":19,"column":6},"end":{"line":21,"column":7}},"15":{"start":{"line":20,"column":8},"end":{"line":20,"column":15}},"16":{"start":{"line":23,"column":4},"end":{"line":23,"column":16}},"17":{"start":{"line":26,"column":19},"end":{"line":26,"column":81}},"18":{"start":{"line":26,"column":49},"end":{"line":26,"column":80}},"19":{"start":{"line":27,"column":4},"end":{"line":27,"column":34}},"20":{"start":{"line":31,"column":0},"end":{"line":31,"column":30}}},"fnMap":{"0":{"name":"countAnimals","decl":{"start":{"line":3,"column":9},"end":{"line":3,"column":21}},"loc":{"start":{"line":3,"column":30},"end":{"line":29,"column":1}},"line":3},"1":{"name":"(anonymous_1)","decl":{"start":{"line":8,"column":25},"end":{"line":8,"column":26}},"loc":{"start":{"line":8,"column":36},"end":{"line":12,"column":5}},"line":8},"2":{"name":"(anonymous_2)","decl":{"start":{"line":16,"column":38},"end":{"line":16,"column":39}},"loc":{"start":{"line":16,"column":50},"end":{"line":16,"column":81}},"line":16},"3":{"name":"(anonymous_3)","decl":{"start":{"line":26,"column":37},"end":{"line":26,"column":38}},"loc":{"start":{"line":26,"column":49},"end":{"line":26,"column":80}},"line":26}},"branchMap":{"0":{"loc":{"start":{"line":4,"column":2},"end":{"line":28,"column":3}},"type":"if","locations":[{"start":{"line":4,"column":2},"end":{"line":28,"column":3}},{"start":{"line":15,"column":7},"end":{"line":28,"column":3}}],"line":4},"1":{"loc":{"start":{"line":15,"column":7},"end":{"line":28,"column":3}},"type":"if","locations":[{"start":{"line":15,"column":7},"end":{"line":28,"column":3}},{"start":{"line":25,"column":6},"end":{"line":28,"column":3}}],"line":15},"2":{"loc":{"start":{"line":19,"column":6},"end":{"line":21,"column":7}},"type":"if","locations":[{"start":{"line":19,"column":6},"end":{"line":21,"column":7}},{"start":{},"end":{}}],"line":19}},"s":{"0":1,"1":5,"2":1,"3":1,"4":1,"5":9,"6":9,"7":9,"8":1,"9":4,"10":2,"11":11,"12":2,"13":2,"14":7,"15":2,"16":2,"17":2,"18":13,"19":2,"20":1},"f":{"0":5,"1":9,"2":11,"3":13},"b":{"0":[1,4],"1":[2,2],"2":[2,5]},"_coverageSchema":"1a1c01bbd47fc00a2c39e90264f33305004495a9","hash":"13d1e982fe2ef262be1fe43c8ffc0d607b43f2e2"}
,"C:\\Users\\Trilles\\Desktop\\Projetos VisualStudio\\Zoo-JS\\src\\getAnimalMap.js": {"path":"C:\\Users\\Trilles\\Desktop\\Projetos VisualStudio\\Zoo-JS\\src\\getAnimalMap.js","statementMap":{"0":{"start":{"line":1,"column":13},"end":{"line":1,"column":40}},"1":{"start":{"line":3,"column":14},"end":{"line":3,"column":16}},"2":{"start":{"line":3,"column":28},"end":{"line":3,"column":30}},"3":{"start":{"line":3,"column":42},"end":{"line":3,"column":44}},"4":{"start":{"line":3,"column":56},"end":{"line":3,"column":58}},"5":{"start":{"line":4,"column":0},"end":{"line":17,"column":2}},"6":{"start":{"line":5,"column":2},"end":{"line":7,"column":3}},"7":{"start":{"line":6,"column":4},"end":{"line":6,"column":30}},"8":{"start":{"line":8,"column":2},"end":{"line":10,"column":3}},"9":{"start":{"line":9,"column":4},"end":{"line":9,"column":30}},"10":{"start":{"line":11,"column":2},"end":{"line":13,"column":3}},"11":{"start":{"line":12,"column":4},"end":{"line":12,"column":30}},"12":{"start":{"line":14,"column":2},"end":{"line":16,"column":3}},"13":{"start":{"line":15,"column":4},"end":{"line":15,"column":30}},"14":{"start":{"line":18,"column":24},"end":{"line":23,"column":1}},"15":{"start":{"line":25,"column":19},"end":{"line":48,"column":1}},"16":{"start":{"line":26,"column":21},"end":{"line":26,"column":23}},"17":{"start":{"line":27,"column":2},"end":{"line":46,"column":4}},"18":{"start":{"line":28,"column":25},"end":{"line":28,"column":78}},"19":{"start":{"line":28,"column":53},"end":{"line":28,"column":77}},"20":{"start":{"line":29,"column":16},"end":{"line":29,"column":18}},"21":{"start":{"line":30,"column":4},"end":{"line":41,"column":5}},"22":{"start":{"line":31,"column":6},"end":{"line":33,"column":8}},"23":{"start":{"line":32,"column":8},"end":{"line":32,"column":30}},"24":{"start":{"line":36,"column":6},"end":{"line":40,"column":8}},"25":{"start":{"line":37,"column":8},"end":{"line":39,"column":9}},"26":{"start":{"line":38,"column":10},"end":{"line":38,"column":32}},"27":{"start":{"line":42,"column":4},"end":{"line":44,"column":5}},"28":{"start":{"line":43,"column":6},"end":{"line":43,"column":19}},"29":{"start":{"line":45,"column":4},"end":{"line":45,"column":53}},"30":{"start":{"line":47,"column":2},"end":{"line":47,"column":21}},"31":{"start":{"line":50,"column":22},"end":{"line":59,"column":1}},"32":{"start":{"line":51,"column":22},"end":{"line":56,"column":3}},"33":{"start":{"line":57,"column":22},"end":{"line":57,"column":60}},"34":{"start":{"line":58,"column":2},"end":{"line":58,"column":20}},"35":{"start":{"line":62,"column":2},"end":{"line":81,"column":3}},"36":{"start":{"line":63,"column":4},"end":{"line":63,"column":26}},"37":{"start":{"line":65,"column":7},"end":{"line":81,"column":3}},"38":{"start":{"line":66,"column":4},"end":{"line":66,"column":26}},"39":{"start":{"line":68,"column":7},"end":{"line":81,"column":3}},"40":{"start":{"line":69,"column":4},"end":{"line":74,"column":5}},"41":{"start":{"line":70,"column":6},"end":{"line":70,"column":29}},"42":{"start":{"line":73,"column":6},"end":{"line":73,"column":40}},"43":{"start":{"line":76,"column":7},"end":{"line":81,"column":3}},"44":{"start":{"line":77,"column":4},"end":{"line":77,"column":45}},"45":{"start":{"line":80,"column":4},"end":{"line":80,"column":43}},"46":{"start":{"line":84,"column":0},"end":{"line":84,"column":30}}},"fnMap":{"0":{"name":"(anonymous_0)","decl":{"start":{"line":4,"column":21},"end":{"line":4,"column":22}},"loc":{"start":{"line":4,"column":31},"end":{"line":17,"column":1}},"line":4},"1":{"name":"(anonymous_1)","decl":{"start":{"line":25,"column":19},"end":{"line":25,"column":20}},"loc":{"start":{"line":25,"column":42},"end":{"line":48,"column":1}},"line":25},"2":{"name":"(anonymous_2)","decl":{"start":{"line":27,"column":16},"end":{"line":27,"column":17}},"loc":{"start":{"line":27,"column":28},"end":{"line":46,"column":3}},"line":27},"3":{"name":"(anonymous_3)","decl":{"start":{"line":28,"column":43},"end":{"line":28,"column":44}},"loc":{"start":{"line":28,"column":53},"end":{"line":28,"column":77}},"line":28},"4":{"name":"(anonymous_4)","decl":{"start":{"line":31,"column":37},"end":{"line":31,"column":38}},"loc":{"start":{"line":31,"column":46},"end":{"line":33,"column":7}},"line":31},"5":{"name":"(anonymous_5)","decl":{"start":{"line":36,"column":37},"end":{"line":36,"column":38}},"loc":{"start":{"line":36,"column":46},"end":{"line":40,"column":7}},"line":36},"6":{"name":"(anonymous_6)","decl":{"start":{"line":50,"column":22},"end":{"line":50,"column":23}},"loc":{"start":{"line":50,"column":38},"end":{"line":59,"column":1}},"line":50},"7":{"name":"getAnimalMap","decl":{"start":{"line":61,"column":9},"end":{"line":61,"column":21}},"loc":{"start":{"line":61,"column":31},"end":{"line":82,"column":1}},"line":61}},"branchMap":{"0":{"loc":{"start":{"line":5,"column":2},"end":{"line":7,"column":3}},"type":"if","locations":[{"start":{"line":5,"column":2},"end":{"line":7,"column":3}},{"start":{},"end":{}}],"line":5},"1":{"loc":{"start":{"line":8,"column":2},"end":{"line":10,"column":3}},"type":"if","locations":[{"start":{"line":8,"column":2},"end":{"line":10,"column":3}},{"start":{},"end":{}}],"line":8},"2":{"loc":{"start":{"line":11,"column":2},"end":{"line":13,"column":3}},"type":"if","locations":[{"start":{"line":11,"column":2},"end":{"line":13,"column":3}},{"start":{},"end":{}}],"line":11},"3":{"loc":{"start":{"line":14,"column":2},"end":{"line":16,"column":3}},"type":"if","locations":[{"start":{"line":14,"column":2},"end":{"line":16,"column":3}},{"start":{},"end":{}}],"line":14},"4":{"loc":{"start":{"line":30,"column":4},"end":{"line":41,"column":5}},"type":"if","locations":[{"start":{"line":30,"column":4},"end":{"line":41,"column":5}},{"start":{"line":35,"column":9},"end":{"line":41,"column":5}}],"line":30},"5":{"loc":{"start":{"line":37,"column":8},"end":{"line":39,"column":9}},"type":"if","locations":[{"start":{"line":37,"column":8},"end":{"line":39,"column":9}},{"start":{},"end":{}}],"line":37},"6":{"loc":{"start":{"line":42,"column":4},"end":{"line":44,"column":5}},"type":"if","locations":[{"start":{"line":42,"column":4},"end":{"line":44,"column":5}},{"start":{},"end":{}}],"line":42},"7":{"loc":{"start":{"line":62,"column":2},"end":{"line":81,"column":3}},"type":"if","locations":[{"start":{"line":62,"column":2},"end":{"line":81,"column":3}},{"start":{"line":65,"column":7},"end":{"line":81,"column":3}}],"line":62},"8":{"loc":{"start":{"line":65,"column":7},"end":{"line":81,"column":3}},"type":"if","locations":[{"start":{"line":65,"column":7},"end":{"line":81,"column":3}},{"start":{"line":68,"column":7},"end":{"line":81,"column":3}}],"line":65},"9":{"loc":{"start":{"line":68,"column":7},"end":{"line":81,"column":3}},"type":"if","locations":[{"start":{"line":68,"column":7},"end":{"line":81,"column":3}},{"start":{"line":76,"column":7},"end":{"line":81,"column":3}}],"line":68},"10":{"loc":{"start":{"line":69,"column":4},"end":{"line":74,"column":5}},"type":"if","locations":[{"start":{"line":69,"column":4},"end":{"line":74,"column":5}},{"start":{"line":72,"column":9},"end":{"line":74,"column":5}}],"line":69},"11":{"loc":{"start":{"line":69,"column":8},"end":{"line":69,"column":58}},"type":"binary-expr","locations":[{"start":{"line":69,"column":8},"end":{"line":69,"column":30}},{"start":{"line":69,"column":34},"end":{"line":69,"column":58}}],"line":69},"12":{"loc":{"start":{"line":76,"column":7},"end":{"line":81,"column":3}},"type":"if","locations":[{"start":{"line":76,"column":7},"end":{"line":81,"column":3}},{"start":{"line":79,"column":7},"end":{"line":81,"column":3}}],"line":76},"13":{"loc":{"start":{"line":76,"column":11},"end":{"line":76,"column":61}},"type":"binary-expr","locations":[{"start":{"line":76,"column":11},"end":{"line":76,"column":33}},{"start":{"line":76,"column":37},"end":{"line":76,"column":61}}],"line":76}},"s":{"0":1,"1":1,"2":1,"3":1,"4":1,"5":1,"6":9,"7":2,"8":9,"9":3,"10":9,"11":2,"12":9,"13":2,"14":1,"15":1,"16":16,"17":16,"18":36,"19":180,"20":36,"21":36,"22":18,"23":62,"24":18,"25":62,"26":28,"27":36,"28":18,"29":36,"30":16,"31":1,"32":4,"33":4,"34":4,"35":7,"36":1,"37":6,"38":2,"39":4,"40":2,"41":1,"42":1,"43":2,"44":1,"45":1,"46":1},"f":{"0":9,"1":16,"2":36,"3":180,"4":62,"5":62,"6":4,"7":7},"b":{"0":[2,7],"1":[3,6],"2":[2,7],"3":[2,7],"4":[18,18],"5":[28,34],"6":[18,18],"7":[1,6],"8":[2,4],"9":[2,2],"10":[1,1],"11":[2,2],"12":[1,1],"13":[2,2]},"_coverageSchema":"1a1c01bbd47fc00a2c39e90264f33305004495a9","hash":"849cc88d5c47db9f263c16dab59618591fdd0054"}
,"C:\\Users\\Trilles\\Desktop\\Projetos VisualStudio\\Zoo-JS\\src\\getAnimalsOlderThan.js": {"path":"C:\\Users\\Trilles\\Desktop\\Projetos VisualStudio\\Zoo-JS\\src\\getAnimalsOlderThan.js","statementMap":{"0":{"start":{"line":1,"column":13},"end":{"line":1,"column":40}},"1":{"start":{"line":4,"column":18},"end":{"line":4,"column":71}},"2":{"start":{"line":4,"column":47},"end":{"line":4,"column":70}},"3":{"start":{"line":5,"column":23},"end":{"line":5,"column":77}},"4":{"start":{"line":5,"column":58},"end":{"line":5,"column":76}},"5":{"start":{"line":6,"column":2},"end":{"line":6,"column":21}},"6":{"start":{"line":9,"column":0},"end":{"line":9,"column":37}}},"fnMap":{"0":{"name":"getAnimalsOlderThan","decl":{"start":{"line":3,"column":9},"end":{"line":3,"column":28}},"loc":{"start":{"line":3,"column":42},"end":{"line":7,"column":1}},"line":3},"1":{"name":"(anonymous_1)","decl":{"start":{"line":4,"column":36},"end":{"line":4,"column":37}},"loc":{"start":{"line":4,"column":47},"end":{"line":4,"column":70}},"line":4},"2":{"name":"(anonymous_2)","decl":{"start":{"line":5,"column":47},"end":{"line":5,"column":48}},"loc":{"start":{"line":5,"column":58},"end":{"line":5,"column":76}},"line":5}},"branchMap":{},"s":{"0":1,"1":2,"2":9,"3":2,"4":7,"5":2,"6":1},"f":{"0":2,"1":9,"2":7},"b":{},"_coverageSchema":"1a1c01bbd47fc00a2c39e90264f33305004495a9","hash":"394d090b6995dbb16a2ab6b366dd45f2d924b98f"}
,"C:\\Users\\Trilles\\Desktop\\Projetos VisualStudio\\Zoo-JS\\src\\getOpeningHours.js": {"path":"C:\\Users\\Trilles\\Desktop\\Projetos VisualStudio\\Zoo-JS\\src\\getOpeningHours.js","statementMap":{"0":{"start":{"line":1,"column":18},"end":{"line":1,"column":45}},"1":{"start":{"line":3,"column":17},"end":{"line":3,"column":95}},"2":{"start":{"line":4,"column":17},"end":{"line":4,"column":57}},"3":{"start":{"line":6,"column":32},"end":{"line":10,"column":1}},"4":{"start":{"line":7,"column":2},"end":{"line":9,"column":3}},"5":{"start":{"line":8,"column":4},"end":{"line":8,"column":61}},"6":{"start":{"line":12,"column":29},"end":{"line":16,"column":1}},"7":{"start":{"line":13,"column":2},"end":{"line":15,"column":3}},"8":{"start":{"line":14,"column":4},"end":{"line":14,"column":65}},"9":{"start":{"line":18,"column":21},"end":{"line":32,"column":1}},"10":{"start":{"line":19,"column":33},"end":{"line":19,"column":62}},"11":{"start":{"line":20,"column":35},"end":{"line":20,"column":52}},"12":{"start":{"line":21,"column":2},"end":{"line":21,"column":45}},"13":{"start":{"line":22,"column":2},"end":{"line":22,"column":50}},"14":{"start":{"line":23,"column":2},"end":{"line":23,"column":37}},"15":{"start":{"line":24,"column":2},"end":{"line":31,"column":3}},"16":{"start":{"line":26,"column":4},"end":{"line":26,"column":57}},"17":{"start":{"line":28,"column":4},"end":{"line":28,"column":60}},"18":{"start":{"line":30,"column":4},"end":{"line":30,"column":16}},"19":{"start":{"line":34,"column":20},"end":{"line":38,"column":1}},"20":{"start":{"line":35,"column":2},"end":{"line":37,"column":3}},"21":{"start":{"line":36,"column":4},"end":{"line":36,"column":30}},"22":{"start":{"line":40,"column":14},"end":{"line":40,"column":40}},"23":{"start":{"line":40,"column":28},"end":{"line":40,"column":40}},"24":{"start":{"line":42,"column":14},"end":{"line":46,"column":2}},"25":{"start":{"line":42,"column":38},"end":{"line":46,"column":1}},"26":{"start":{"line":48,"column":21},"end":{"line":51,"column":1}},"27":{"start":{"line":49,"column":22},"end":{"line":49,"column":46}},"28":{"start":{"line":50,"column":2},"end":{"line":50,"column":67}},"29":{"start":{"line":53,"column":24},"end":{"line":65,"column":1}},"30":{"start":{"line":54,"column":2},"end":{"line":54,"column":41}},"31":{"start":{"line":54,"column":28},"end":{"line":54,"column":41}},"32":{"start":{"line":55,"column":22},"end":{"line":55,"column":76}},"33":{"start":{"line":56,"column":2},"end":{"line":56,"column":27}},"34":{"start":{"line":57,"column":2},"end":{"line":57,"column":25}},"35":{"start":{"line":58,"column":26},"end":{"line":58,"column":44}},"36":{"start":{"line":59,"column":2},"end":{"line":59,"column":53}},"37":{"start":{"line":59,"column":26},"end":{"line":59,"column":53}},"38":{"start":{"line":60,"column":17},"end":{"line":60,"column":53}},"39":{"start":{"line":61,"column":15},"end":{"line":61,"column":45}},"40":{"start":{"line":62,"column":16},"end":{"line":62,"column":29}},"41":{"start":{"line":63,"column":2},"end":{"line":63,"column":73}},"42":{"start":{"line":64,"column":2},"end":{"line":64,"column":17}},"43":{"start":{"line":67,"column":0},"end":{"line":67,"column":33}}},"fnMap":{"0":{"name":"(anonymous_0)","decl":{"start":{"line":6,"column":32},"end":{"line":6,"column":33}},"loc":{"start":{"line":6,"column":50},"end":{"line":10,"column":1}},"line":6},"1":{"name":"(anonymous_1)","decl":{"start":{"line":12,"column":29},"end":{"line":12,"column":30}},"loc":{"start":{"line":12,"column":47},"end":{"line":16,"column":1}},"line":12},"2":{"name":"(anonymous_2)","decl":{"start":{"line":18,"column":21},"end":{"line":18,"column":22}},"loc":{"start":{"line":18,"column":31},"end":{"line":32,"column":1}},"line":18},"3":{"name":"(anonymous_3)","decl":{"start":{"line":34,"column":20},"end":{"line":34,"column":21}},"loc":{"start":{"line":34,"column":29},"end":{"line":38,"column":1}},"line":34},"4":{"name":"(anonymous_4)","decl":{"start":{"line":40,"column":14},"end":{"line":40,"column":15}},"loc":{"start":{"line":40,"column":28},"end":{"line":40,"column":40}},"line":40},"5":{"name":"(anonymous_5)","decl":{"start":{"line":42,"column":14},"end":{"line":42,"column":15}},"loc":{"start":{"line":42,"column":38},"end":{"line":46,"column":1}},"line":42},"6":{"name":"(anonymous_6)","decl":{"start":{"line":48,"column":21},"end":{"line":48,"column":22}},"loc":{"start":{"line":48,"column":52},"end":{"line":51,"column":1}},"line":48},"7":{"name":"(anonymous_7)","decl":{"start":{"line":53,"column":24},"end":{"line":53,"column":25}},"loc":{"start":{"line":53,"column":43},"end":{"line":65,"column":1}},"line":53}},"branchMap":{"0":{"loc":{"start":{"line":7,"column":2},"end":{"line":9,"column":3}},"type":"if","locations":[{"start":{"line":7,"column":2},"end":{"line":9,"column":3}},{"start":{},"end":{}}],"line":7},"1":{"loc":{"start":{"line":13,"column":2},"end":{"line":15,"column":3}},"type":"if","locations":[{"start":{"line":13,"column":2},"end":{"line":15,"column":3}},{"start":{},"end":{}}],"line":13},"2":{"loc":{"start":{"line":24,"column":2},"end":{"line":31,"column":3}},"type":"switch","locations":[{"start":{"line":25,"column":2},"end":{"line":26,"column":57}},{"start":{"line":27,"column":2},"end":{"line":28,"column":60}},{"start":{"line":29,"column":2},"end":{"line":30,"column":16}}],"line":24},"3":{"loc":{"start":{"line":25,"column":7},"end":{"line":25,"column":56}},"type":"binary-expr","locations":[{"start":{"line":25,"column":7},"end":{"line":25,"column":29}},{"start":{"line":25,"column":33},"end":{"line":25,"column":56}}],"line":25},"4":{"loc":{"start":{"line":27,"column":7},"end":{"line":27,"column":60}},"type":"binary-expr","locations":[{"start":{"line":27,"column":7},"end":{"line":27,"column":31}},{"start":{"line":27,"column":35},"end":{"line":27,"column":60}}],"line":27},"5":{"loc":{"start":{"line":35,"column":2},"end":{"line":37,"column":3}},"type":"if","locations":[{"start":{"line":35,"column":2},"end":{"line":37,"column":3}},{"start":{},"end":{}}],"line":35},"6":{"loc":{"start":{"line":40,"column":28},"end":{"line":40,"column":40}},"type":"binary-expr","locations":[{"start":{"line":40,"column":28},"end":{"line":40,"column":32}},{"start":{"line":40,"column":36},"end":{"line":40,"column":40}}],"line":40},"7":{"loc":{"start":{"line":43,"column":5},"end":{"line":43,"column":29}},"type":"cond-expr","locations":[{"start":{"line":43,"column":21},"end":{"line":43,"column":22}},{"start":{"line":43,"column":25},"end":{"line":43,"column":29}}],"line":43},"8":{"loc":{"start":{"line":44,"column":5},"end":{"line":44,"column":29}},"type":"cond-expr","locations":[{"start":{"line":44,"column":21},"end":{"line":44,"column":22}},{"start":{"line":44,"column":25},"end":{"line":44,"column":29}}],"line":44},"9":{"loc":{"start":{"line":45,"column":5},"end":{"line":45,"column":31}},"type":"cond-expr","locations":[{"start":{"line":45,"column":22},"end":{"line":45,"column":23}},{"start":{"line":45,"column":26},"end":{"line":45,"column":31}}],"line":45},"10":{"loc":{"start":{"line":50,"column":9},"end":{"line":50,"column":66}},"type":"binary-expr","locations":[{"start":{"line":50,"column":10},"end":{"line":50,"column":25}},{"start":{"line":50,"column":29},"end":{"line":50,"column":35}},{"start":{"line":50,"column":41},"end":{"line":50,"column":56}},{"start":{"line":50,"column":60},"end":{"line":50,"column":65}}],"line":50},"11":{"loc":{"start":{"line":54,"column":2},"end":{"line":54,"column":41}},"type":"if","locations":[{"start":{"line":54,"column":2},"end":{"line":54,"column":41}},{"start":{},"end":{}}],"line":54},"12":{"loc":{"start":{"line":59,"column":2},"end":{"line":59,"column":53}},"type":"if","locations":[{"start":{"line":59,"column":2},"end":{"line":59,"column":53}},{"start":{},"end":{}}],"line":59},"13":{"loc":{"start":{"line":63,"column":13},"end":{"line":63,"column":72}},"type":"cond-expr","locations":[{"start":{"line":63,"column":55},"end":{"line":63,"column":61}},{"start":{"line":63,"column":64},"end":{"line":63,"column":72}}],"line":63}},"s":{"0":1,"1":1,"2":1,"3":1,"4":21,"5":2,"6":1,"7":9,"8":1,"9":1,"10":11,"11":11,"12":11,"13":10,"14":9,"15":8,"16":1,"17":1,"18":6,"19":1,"20":12,"21":1,"22":1,"23":19,"24":1,"25":5,"26":1,"27":5,"28":5,"29":1,"30":13,"31":1,"32":12,"33":12,"34":11,"35":6,"36":6,"37":1,"38":5,"39":5,"40":5,"41":5,"42":5,"43":1},"f":{"0":21,"1":9,"2":11,"3":12,"4":19,"5":5,"6":5,"7":13},"b":{"0":[2,19],"1":[1,8],"2":[1,1,6],"3":[8,8],"4":[7,7],"5":[1,11],"6":[19,2],"7":[1,4],"8":[1,4],"9":[1,4],"10":[5,2,4,3],"11":[1,12],"12":[1,5],"13":[3,2]},"_coverageSchema":"1a1c01bbd47fc00a2c39e90264f33305004495a9","hash":"248bf61c3b173710406362fe256ca03a5fd0d808"}
,"C:\\Users\\Trilles\\Desktop\\Projetos VisualStudio\\Zoo-JS\\src\\getRelatedEmployees.js": {"path":"C:\\Users\\Trilles\\Desktop\\Projetos VisualStudio\\Zoo-JS\\src\\getRelatedEmployees.js","statementMap":{"0":{"start":{"line":1,"column":13},"end":{"line":1,"column":40}},"1":{"start":{"line":3,"column":19},"end":{"line":3,"column":62}},"2":{"start":{"line":3,"column":47},"end":{"line":3,"column":61}},"3":{"start":{"line":5,"column":18},"end":{"line":5,"column":87}},"4":{"start":{"line":5,"column":26},"end":{"line":5,"column":87}},"5":{"start":{"line":5,"column":56},"end":{"line":5,"column":86}},"6":{"start":{"line":8,"column":2},"end":{"line":20,"column":3}},"7":{"start":{"line":9,"column":4},"end":{"line":9,"column":78}},"8":{"start":{"line":12,"column":24},"end":{"line":12,"column":26}},"9":{"start":{"line":13,"column":4},"end":{"line":18,"column":5}},"10":{"start":{"line":13,"column":17},"end":{"line":13,"column":18}},"11":{"start":{"line":14,"column":22},"end":{"line":14,"column":83}},"12":{"start":{"line":14,"column":63},"end":{"line":14,"column":82}},"13":{"start":{"line":15,"column":6},"end":{"line":17,"column":7}},"14":{"start":{"line":16,"column":8},"end":{"line":16,"column":90}},"15":{"start":{"line":19,"column":4},"end":{"line":19,"column":24}},"16":{"start":{"line":23,"column":0},"end":{"line":23,"column":52}}},"fnMap":{"0":{"name":"(anonymous_0)","decl":{"start":{"line":3,"column":38},"end":{"line":3,"column":39}},"loc":{"start":{"line":3,"column":47},"end":{"line":3,"column":61}},"line":3},"1":{"name":"(anonymous_1)","decl":{"start":{"line":5,"column":18},"end":{"line":5,"column":19}},"loc":{"start":{"line":5,"column":26},"end":{"line":5,"column":87}},"line":5},"2":{"name":"(anonymous_2)","decl":{"start":{"line":5,"column":44},"end":{"line":5,"column":45}},"loc":{"start":{"line":5,"column":56},"end":{"line":5,"column":86}},"line":5},"3":{"name":"getRelatedEmployees","decl":{"start":{"line":7,"column":9},"end":{"line":7,"column":28}},"loc":{"start":{"line":7,"column":40},"end":{"line":21,"column":1}},"line":7},"4":{"name":"(anonymous_4)","decl":{"start":{"line":14,"column":54},"end":{"line":14,"column":55}},"loc":{"start":{"line":14,"column":63},"end":{"line":14,"column":82}},"line":14}},"branchMap":{"0":{"loc":{"start":{"line":8,"column":2},"end":{"line":20,"column":3}},"type":"if","locations":[{"start":{"line":8,"column":2},"end":{"line":20,"column":3}},{"start":{"line":11,"column":6},"end":{"line":20,"column":3}}],"line":8},"1":{"loc":{"start":{"line":15,"column":6},"end":{"line":17,"column":7}},"type":"if","locations":[{"start":{"line":15,"column":6},"end":{"line":17,"column":7}},{"start":{},"end":{}}],"line":15}},"s":{"0":1,"1":1,"2":8,"3":1,"4":6,"5":22,"6":2,"7":1,"8":1,"9":1,"10":1,"11":8,"12":10,"13":8,"14":3,"15":1,"16":1},"f":{"0":8,"1":6,"2":22,"3":2,"4":10},"b":{"0":[1,1],"1":[3,5]},"_coverageSchema":"1a1c01bbd47fc00a2c39e90264f33305004495a9","hash":"e136df4eb0c67a8e862bd68b69a78206565a09f7"}
,"C:\\Users\\Trilles\\Desktop\\Projetos VisualStudio\\Zoo-JS\\src\\getSchedule.js": {"path":"C:\\Users\\Trilles\\Desktop\\Projetos VisualStudio\\Zoo-JS\\src\\getSchedule.js","statementMap":{"0":{"start":{"line":1,"column":13},"end":{"line":1,"column":40}},"1":{"start":{"line":5,"column":17},"end":{"line":5,"column":76}},"2":{"start":{"line":5,"column":45},"end":{"line":5,"column":75}},"3":{"start":{"line":6,"column":22},"end":{"line":6,"column":81}},"4":{"start":{"line":6,"column":58},"end":{"line":6,"column":80}},"5":{"start":{"line":8,"column":21},"end":{"line":8,"column":23}},"6":{"start":{"line":9,"column":2},"end":{"line":27,"column":4}},"7":{"start":{"line":10,"column":4},"end":{"line":10,"column":17}},"8":{"start":{"line":11,"column":4},"end":{"line":15,"column":6}},"9":{"start":{"line":12,"column":6},"end":{"line":14,"column":7}},"10":{"start":{"line":13,"column":8},"end":{"line":13,"column":33}},"11":{"start":{"line":16,"column":4},"end":{"line":26,"column":5}},"12":{"start":{"line":17,"column":6},"end":{"line":17,"column":107}},"13":{"start":{"line":20,"column":6},"end":{"line":25,"column":8}},"14":{"start":{"line":29,"column":2},"end":{"line":42,"column":3}},"15":{"start":{"line":30,"column":4},"end":{"line":30,"column":21}},"16":{"start":{"line":32,"column":7},"end":{"line":42,"column":3}},"17":{"start":{"line":33,"column":4},"end":{"line":33,"column":21}},"18":{"start":{"line":35,"column":7},"end":{"line":42,"column":3}},"19":{"start":{"line":36,"column":25},"end":{"line":36,"column":83}},"20":{"start":{"line":36,"column":54},"end":{"line":36,"column":82}},"21":{"start":{"line":37,"column":4},"end":{"line":37,"column":36}},"22":{"start":{"line":40,"column":25},"end":{"line":40,"column":81}},"23":{"start":{"line":40,"column":61},"end":{"line":40,"column":80}},"24":{"start":{"line":41,"column":4},"end":{"line":41,"column":57}},"25":{"start":{"line":46,"column":0},"end":{"line":46,"column":29}}},"fnMap":{"0":{"name":"getSchedule","decl":{"start":{"line":4,"column":9},"end":{"line":4,"column":20}},"loc":{"start":{"line":4,"column":37},"end":{"line":43,"column":1}},"line":4},"1":{"name":"(anonymous_1)","decl":{"start":{"line":5,"column":35},"end":{"line":5,"column":36}},"loc":{"start":{"line":5,"column":45},"end":{"line":5,"column":75}},"line":5},"2":{"name":"(anonymous_2)","decl":{"start":{"line":6,"column":51},"end":{"line":6,"column":52}},"loc":{"start":{"line":6,"column":58},"end":{"line":6,"column":80}},"line":6},"3":{"name":"(anonymous_3)","decl":{"start":{"line":9,"column":34},"end":{"line":9,"column":35}},"loc":{"start":{"line":9,"column":41},"end":{"line":27,"column":3}},"line":9},"4":{"name":"(anonymous_4)","decl":{"start":{"line":11,"column":25},"end":{"line":11,"column":26}},"loc":{"start":{"line":11,"column":35},"end":{"line":15,"column":5}},"line":11},"5":{"name":"(anonymous_5)","decl":{"start":{"line":36,"column":43},"end":{"line":36,"column":44}},"loc":{"start":{"line":36,"column":54},"end":{"line":36,"column":82}},"line":36},"6":{"name":"(anonymous_6)","decl":{"start":{"line":40,"column":54},"end":{"line":40,"column":55}},"loc":{"start":{"line":40,"column":61},"end":{"line":40,"column":80}},"line":40}},"branchMap":{"0":{"loc":{"start":{"line":12,"column":6},"end":{"line":14,"column":7}},"type":"if","locations":[{"start":{"line":12,"column":6},"end":{"line":14,"column":7}},{"start":{},"end":{}}],"line":12},"1":{"loc":{"start":{"line":16,"column":4},"end":{"line":26,"column":5}},"type":"if","locations":[{"start":{"line":16,"column":4},"end":{"line":26,"column":5}},{"start":{"line":19,"column":9},"end":{"line":26,"column":5}}],"line":16},"2":{"loc":{"start":{"line":16,"column":8},"end":{"line":16,"column":65}},"type":"binary-expr","locations":[{"start":{"line":16,"column":8},"end":{"line":16,"column":34}},{"start":{"line":16,"column":38},"end":{"line":16,"column":65}}],"line":16},"3":{"loc":{"start":{"line":29,"column":2},"end":{"line":42,"column":3}},"type":"if","locations":[{"start":{"line":29,"column":2},"end":{"line":42,"column":3}},{"start":{"line":32,"column":7},"end":{"line":42,"column":3}}],"line":29},"4":{"loc":{"start":{"line":32,"column":7},"end":{"line":42,"column":3}},"type":"if","locations":[{"start":{"line":32,"column":7},"end":{"line":42,"column":3}},{"start":{"line":35,"column":7},"end":{"line":42,"column":3}}],"line":32},"5":{"loc":{"start":{"line":32,"column":11},"end":{"line":32,"column":60}},"type":"binary-expr","locations":[{"start":{"line":32,"column":11},"end":{"line":32,"column":31}},{"start":{"line":32,"column":35},"end":{"line":32,"column":60}}],"line":32},"6":{"loc":{"start":{"line":35,"column":7},"end":{"line":42,"column":3}},"type":"if","locations":[{"start":{"line":35,"column":7},"end":{"line":42,"column":3}},{"start":{"line":39,"column":7},"end":{"line":42,"column":3}}],"line":35}},"s":{"0":1,"1":7,"2":50,"3":7,"4":38,"5":7,"6":7,"7":49,"8":49,"9":441,"10":252,"11":49,"12":7,"13":42,"14":7,"15":1,"16":6,"17":1,"18":5,"19":2,"20":5,"21":2,"22":3,"23":10,"24":3,"25":1},"f":{"0":7,"1":50,"2":38,"3":49,"4":441,"5":5,"6":10},"b":{"0":[252,189],"1":[7,42],"2":[49,7],"3":[1,6],"4":[1,5],"5":[6,4],"6":[2,3]},"_coverageSchema":"1a1c01bbd47fc00a2c39e90264f33305004495a9","hash":"3ab679cc23ee6b6c02624caa3053b8359ac7eba1"}
,"C:\\Users\\Trilles\\Desktop\\Projetos VisualStudio\\Zoo-JS\\src\\getSpeciesByIds.js": {"path":"C:\\Users\\Trilles\\Desktop\\Projetos VisualStudio\\Zoo-JS\\src\\getSpeciesByIds.js","statementMap":{"0":{"start":{"line":1,"column":13},"end":{"line":1,"column":40}},"1":{"start":{"line":5,"column":18},"end":{"line":5,"column":20}},"2":{"start":{"line":6,"column":2},"end":{"line":8,"column":4}},"3":{"start":{"line":7,"column":4},"end":{"line":7,"column":72}},"4":{"start":{"line":7,"column":47},"end":{"line":7,"column":70}},"5":{"start":{"line":9,"column":2},"end":{"line":9,"column":18}},"6":{"start":{"line":12,"column":0},"end":{"line":12,"column":33}}},"fnMap":{"0":{"name":"getSpeciesByIds","decl":{"start":{"line":4,"column":9},"end":{"line":4,"column":24}},"loc":{"start":{"line":4,"column":33},"end":{"line":10,"column":1}},"line":4},"1":{"name":"(anonymous_1)","decl":{"start":{"line":6,"column":14},"end":{"line":6,"column":15}},"loc":{"start":{"line":6,"column":27},"end":{"line":8,"column":3}},"line":6},"2":{"name":"(anonymous_2)","decl":{"start":{"line":7,"column":37},"end":{"line":7,"column":38}},"loc":{"start":{"line":7,"column":47},"end":{"line":7,"column":70}},"line":7}},"branchMap":{},"s":{"0":1,"1":4,"2":4,"3":4,"4":13,"5":4,"6":1},"f":{"0":4,"1":4,"2":13},"b":{},"_coverageSchema":"1a1c01bbd47fc00a2c39e90264f33305004495a9","hash":"075262367fe2be10abba7ab85ac00ead6bc59c22"}
,"C:\\Users\\Trilles\\Desktop\\Projetos VisualStudio\\Zoo-JS\\src\\handlerElephants.js": {"path":"C:\\Users\\Trilles\\Desktop\\Projetos VisualStudio\\Zoo-JS\\src\\handlerElephants.js","statementMap":{"0":{"start":{"line":1,"column":20},"end":{"line":1,"column":47}},"1":{"start":{"line":3,"column":21},"end":{"line":4,"column":55}},"2":{"start":{"line":4,"column":2},"end":{"line":4,"column":55}},"3":{"start":{"line":4,"column":27},"end":{"line":4,"column":54}},"4":{"start":{"line":6,"column":19},"end":{"line":7,"column":79}},"5":{"start":{"line":7,"column":2},"end":{"line":7,"column":79}},"6":{"start":{"line":7,"column":38},"end":{"line":7,"column":56}},"7":{"start":{"line":9,"column":20},"end":{"line":20,"column":1}},"8":{"start":{"line":10,"column":2},"end":{"line":19,"column":3}},"9":{"start":{"line":12,"column":4},"end":{"line":12,"column":38}},"10":{"start":{"line":14,"column":4},"end":{"line":14,"column":64}},"11":{"start":{"line":14,"column":49},"end":{"line":14,"column":62}},"12":{"start":{"line":16,"column":4},"end":{"line":16,"column":33}},"13":{"start":{"line":18,"column":4},"end":{"line":18,"column":16}},"14":{"start":{"line":22,"column":25},"end":{"line":34,"column":1}},"15":{"start":{"line":23,"column":2},"end":{"line":25,"column":3}},"16":{"start":{"line":24,"column":4},"end":{"line":24,"column":21}},"17":{"start":{"line":26,"column":2},"end":{"line":28,"column":3}},"18":{"start":{"line":27,"column":4},"end":{"line":27,"column":57}},"19":{"start":{"line":29,"column":20},"end":{"line":29,"column":34}},"20":{"start":{"line":30,"column":2},"end":{"line":32,"column":3}},"21":{"start":{"line":31,"column":4},"end":{"line":31,"column":28}},"22":{"start":{"line":33,"column":2},"end":{"line":33,"column":39}},"23":{"start":{"line":36,"column":0},"end":{"line":36,"column":34}}},"fnMap":{"0":{"name":"(anonymous_0)","decl":{"start":{"line":3,"column":21},"end":{"line":3,"column":22}},"loc":{"start":{"line":4,"column":2},"end":{"line":4,"column":55}},"line":4},"1":{"name":"(anonymous_1)","decl":{"start":{"line":4,"column":15},"end":{"line":4,"column":16}},"loc":{"start":{"line":4,"column":27},"end":{"line":4,"column":54}},"line":4},"2":{"name":"(anonymous_2)","decl":{"start":{"line":6,"column":19},"end":{"line":6,"column":20}},"loc":{"start":{"line":7,"column":2},"end":{"line":7,"column":79}},"line":7},"3":{"name":"(anonymous_3)","decl":{"start":{"line":7,"column":19},"end":{"line":7,"column":20}},"loc":{"start":{"line":7,"column":38},"end":{"line":7,"column":56}},"line":7},"4":{"name":"(anonymous_4)","decl":{"start":{"line":9,"column":20},"end":{"line":9,"column":21}},"loc":{"start":{"line":9,"column":42},"end":{"line":20,"column":1}},"line":9},"5":{"name":"(anonymous_5)","decl":{"start":{"line":14,"column":35},"end":{"line":14,"column":36}},"loc":{"start":{"line":14,"column":49},"end":{"line":14,"column":62}},"line":14},"6":{"name":"(anonymous_6)","decl":{"start":{"line":22,"column":25},"end":{"line":22,"column":26}},"loc":{"start":{"line":22,"column":36},"end":{"line":34,"column":1}},"line":22}},"branchMap":{"0":{"loc":{"start":{"line":10,"column":2},"end":{"line":19,"column":3}},"type":"switch","locations":[{"start":{"line":11,"column":2},"end":{"line":12,"column":38}},{"start":{"line":13,"column":2},"end":{"line":14,"column":64}},{"start":{"line":15,"column":2},"end":{"line":16,"column":33}},{"start":{"line":17,"column":2},"end":{"line":18,"column":16}}],"line":10},"1":{"loc":{"start":{"line":23,"column":2},"end":{"line":25,"column":3}},"type":"if","locations":[{"start":{"line":23,"column":2},"end":{"line":25,"column":3}},{"start":{},"end":{}}],"line":23},"2":{"loc":{"start":{"line":26,"column":2},"end":{"line":28,"column":3}},"type":"if","locations":[{"start":{"line":26,"column":2},"end":{"line":28,"column":3}},{"start":{},"end":{}}],"line":26},"3":{"loc":{"start":{"line":30,"column":2},"end":{"line":32,"column":3}},"type":"if","locations":[{"start":{"line":30,"column":2},"end":{"line":32,"column":3}},{"start":{},"end":{}}],"line":30}},"s":{"0":1,"1":1,"2":7,"3":56,"4":1,"5":1,"6":4,"7":1,"8":4,"9":1,"10":1,"11":4,"12":1,"13":1,"14":1,"15":9,"16":1,"17":8,"18":1,"19":7,"20":7,"21":3,"22":4,"23":1},"f":{"0":7,"1":56,"2":1,"3":4,"4":4,"5":4,"6":9},"b":{"0":[1,1,1,1],"1":[1,8],"2":[1,7],"3":[3,4]},"_coverageSchema":"1a1c01bbd47fc00a2c39e90264f33305004495a9","hash":"67c78292fe7197906dc88c7945985ffc23eacf97"}
}
