{"C:\\Users\\trill\\Desktop\\Faculdade\\projeto04\\data\\zoo_data.js": {"path":"C:\\Users\\trill\\Desktop\\Faculdade\\projeto04\\data\\zoo_data.js","statementMap":{"0":{"start":{"line":1,"column":15},"end":{"line":1,"column":53}},"1":{"start":{"line":2,"column":17},"end":{"line":2,"column":55}},"2":{"start":{"line":3,"column":20},"end":{"line":3,"column":58}},"3":{"start":{"line":4,"column":17},"end":{"line":4,"column":55}},"4":{"start":{"line":5,"column":16},"end":{"line":5,"column":54}},"5":{"start":{"line":6,"column":16},"end":{"line":6,"column":54}},"6":{"start":{"line":7,"column":17},"end":{"line":7,"column":55}},"7":{"start":{"line":8,"column":19},"end":{"line":8,"column":57}},"8":{"start":{"line":10,"column":20},"end":{"line":10,"column":58}},"9":{"start":{"line":11,"column":14},"end":{"line":11,"column":52}},"10":{"start":{"line":12,"column":15},"end":{"line":12,"column":53}},"11":{"start":{"line":14,"column":0},"end":{"line":344,"column":2}}},"fnMap":{},"branchMap":{},"s":{"0":2,"1":2,"2":2,"3":2,"4":2,"5":2,"6":2,"7":2,"8":2,"9":2,"10":2,"11":2},"f":{},"b":{},"_coverageSchema":"1a1c01bbd47fc00a2c39e90264f33305004495a9","hash":"98d222fedf1f90ca2b32c4ac74396726cce370f1"}
,"C:\\Users\\trill\\Desktop\\Faculdade\\projeto04\\src\\getOpeningHours.js": {"path":"C:\\Users\\trill\\Desktop\\Faculdade\\projeto04\\src\\getOpeningHours.js","statementMap":{"0":{"start":{"line":1,"column":18},"end":{"line":1,"column":45}},"1":{"start":{"line":3,"column":17},"end":{"line":3,"column":95}},"2":{"start":{"line":4,"column":17},"end":{"line":4,"column":57}},"3":{"start":{"line":6,"column":32},"end":{"line":10,"column":1}},"4":{"start":{"line":7,"column":2},"end":{"line":9,"column":3}},"5":{"start":{"line":8,"column":4},"end":{"line":8,"column":61}},"6":{"start":{"line":12,"column":29},"end":{"line":16,"column":1}},"7":{"start":{"line":13,"column":2},"end":{"line":15,"column":3}},"8":{"start":{"line":14,"column":4},"end":{"line":14,"column":65}},"9":{"start":{"line":18,"column":21},"end":{"line":32,"column":1}},"10":{"start":{"line":19,"column":33},"end":{"line":19,"column":62}},"11":{"start":{"line":20,"column":35},"end":{"line":20,"column":52}},"12":{"start":{"line":21,"column":2},"end":{"line":21,"column":45}},"13":{"start":{"line":22,"column":2},"end":{"line":22,"column":50}},"14":{"start":{"line":23,"column":2},"end":{"line":23,"column":37}},"15":{"start":{"line":24,"column":2},"end":{"line":31,"column":3}},"16":{"start":{"line":26,"column":4},"end":{"line":26,"column":57}},"17":{"start":{"line":28,"column":4},"end":{"line":28,"column":60}},"18":{"start":{"line":30,"column":4},"end":{"line":30,"column":16}},"19":{"start":{"line":34,"column":20},"end":{"line":38,"column":1}},"20":{"start":{"line":35,"column":2},"end":{"line":37,"column":3}},"21":{"start":{"line":36,"column":4},"end":{"line":36,"column":30}},"22":{"start":{"line":40,"column":14},"end":{"line":40,"column":40}},"23":{"start":{"line":40,"column":28},"end":{"line":40,"column":40}},"24":{"start":{"line":42,"column":14},"end":{"line":46,"column":2}},"25":{"start":{"line":42,"column":38},"end":{"line":46,"column":1}},"26":{"start":{"line":48,"column":21},"end":{"line":51,"column":1}},"27":{"start":{"line":49,"column":22},"end":{"line":49,"column":46}},"28":{"start":{"line":50,"column":2},"end":{"line":50,"column":67}},"29":{"start":{"line":53,"column":24},"end":{"line":65,"column":1}},"30":{"start":{"line":54,"column":2},"end":{"line":54,"column":41}},"31":{"start":{"line":54,"column":28},"end":{"line":54,"column":41}},"32":{"start":{"line":55,"column":22},"end":{"line":55,"column":76}},"33":{"start":{"line":56,"column":2},"end":{"line":56,"column":27}},"34":{"start":{"line":57,"column":2},"end":{"line":57,"column":25}},"35":{"start":{"line":58,"column":26},"end":{"line":58,"column":44}},"36":{"start":{"line":59,"column":2},"end":{"line":59,"column":53}},"37":{"start":{"line":59,"column":26},"end":{"line":59,"column":53}},"38":{"start":{"line":60,"column":17},"end":{"line":60,"column":53}},"39":{"start":{"line":61,"column":15},"end":{"line":61,"column":45}},"40":{"start":{"line":62,"column":16},"end":{"line":62,"column":29}},"41":{"start":{"line":63,"column":2},"end":{"line":63,"column":73}},"42":{"start":{"line":64,"column":2},"end":{"line":64,"column":17}},"43":{"start":{"line":67,"column":0},"end":{"line":67,"column":33}}},"fnMap":{"0":{"name":"(anonymous_0)","decl":{"start":{"line":6,"column":32},"end":{"line":6,"column":33}},"loc":{"start":{"line":6,"column":50},"end":{"line":10,"column":1}},"line":6},"1":{"name":"(anonymous_1)","decl":{"start":{"line":12,"column":29},"end":{"line":12,"column":30}},"loc":{"start":{"line":12,"column":47},"end":{"line":16,"column":1}},"line":12},"2":{"name":"(anonymous_2)","decl":{"start":{"line":18,"column":21},"end":{"line":18,"column":22}},"loc":{"start":{"line":18,"column":31},"end":{"line":32,"column":1}},"line":18},"3":{"name":"(anonymous_3)","decl":{"start":{"line":34,"column":20},"end":{"line":34,"column":21}},"loc":{"start":{"line":34,"column":29},"end":{"line":38,"column":1}},"line":34},"4":{"name":"(anonymous_4)","decl":{"start":{"line":40,"column":14},"end":{"line":40,"column":15}},"loc":{"start":{"line":40,"column":28},"end":{"line":40,"column":40}},"line":40},"5":{"name":"(anonymous_5)","decl":{"start":{"line":42,"column":14},"end":{"line":42,"column":15}},"loc":{"start":{"line":42,"column":38},"end":{"line":46,"column":1}},"line":42},"6":{"name":"(anonymous_6)","decl":{"start":{"line":48,"column":21},"end":{"line":48,"column":22}},"loc":{"start":{"line":48,"column":52},"end":{"line":51,"column":1}},"line":48},"7":{"name":"(anonymous_7)","decl":{"start":{"line":53,"column":24},"end":{"line":53,"column":25}},"loc":{"start":{"line":53,"column":43},"end":{"line":65,"column":1}},"line":53}},"branchMap":{"0":{"loc":{"start":{"line":7,"column":2},"end":{"line":9,"column":3}},"type":"if","locations":[{"start":{"line":7,"column":2},"end":{"line":9,"column":3}},{"start":{},"end":{}}],"line":7},"1":{"loc":{"start":{"line":13,"column":2},"end":{"line":15,"column":3}},"type":"if","locations":[{"start":{"line":13,"column":2},"end":{"line":15,"column":3}},{"start":{},"end":{}}],"line":13},"2":{"loc":{"start":{"line":24,"column":2},"end":{"line":31,"column":3}},"type":"switch","locations":[{"start":{"line":25,"column":2},"end":{"line":26,"column":57}},{"start":{"line":27,"column":2},"end":{"line":28,"column":60}},{"start":{"line":29,"column":2},"end":{"line":30,"column":16}}],"line":24},"3":{"loc":{"start":{"line":25,"column":7},"end":{"line":25,"column":56}},"type":"binary-expr","locations":[{"start":{"line":25,"column":7},"end":{"line":25,"column":29}},{"start":{"line":25,"column":33},"end":{"line":25,"column":56}}],"line":25},"4":{"loc":{"start":{"line":27,"column":7},"end":{"line":27,"column":60}},"type":"binary-expr","locations":[{"start":{"line":27,"column":7},"end":{"line":27,"column":31}},{"start":{"line":27,"column":35},"end":{"line":27,"column":60}}],"line":27},"5":{"loc":{"start":{"line":35,"column":2},"end":{"line":37,"column":3}},"type":"if","locations":[{"start":{"line":35,"column":2},"end":{"line":37,"column":3}},{"start":{},"end":{}}],"line":35},"6":{"loc":{"start":{"line":40,"column":28},"end":{"line":40,"column":40}},"type":"binary-expr","locations":[{"start":{"line":40,"column":28},"end":{"line":40,"column":32}},{"start":{"line":40,"column":36},"end":{"line":40,"column":40}}],"line":40},"7":{"loc":{"start":{"line":43,"column":5},"end":{"line":43,"column":29}},"type":"cond-expr","locations":[{"start":{"line":43,"column":21},"end":{"line":43,"column":22}},{"start":{"line":43,"column":25},"end":{"line":43,"column":29}}],"line":43},"8":{"loc":{"start":{"line":44,"column":5},"end":{"line":44,"column":29}},"type":"cond-expr","locations":[{"start":{"line":44,"column":21},"end":{"line":44,"column":22}},{"start":{"line":44,"column":25},"end":{"line":44,"column":29}}],"line":44},"9":{"loc":{"start":{"line":45,"column":5},"end":{"line":45,"column":31}},"type":"cond-expr","locations":[{"start":{"line":45,"column":22},"end":{"line":45,"column":23}},{"start":{"line":45,"column":26},"end":{"line":45,"column":31}}],"line":45},"10":{"loc":{"start":{"line":50,"column":9},"end":{"line":50,"column":66}},"type":"binary-expr","locations":[{"start":{"line":50,"column":10},"end":{"line":50,"column":25}},{"start":{"line":50,"column":29},"end":{"line":50,"column":35}},{"start":{"line":50,"column":41},"end":{"line":50,"column":56}},{"start":{"line":50,"column":60},"end":{"line":50,"column":65}}],"line":50},"11":{"loc":{"start":{"line":54,"column":2},"end":{"line":54,"column":41}},"type":"if","locations":[{"start":{"line":54,"column":2},"end":{"line":54,"column":41}},{"start":{},"end":{}}],"line":54},"12":{"loc":{"start":{"line":59,"column":2},"end":{"line":59,"column":53}},"type":"if","locations":[{"start":{"line":59,"column":2},"end":{"line":59,"column":53}},{"start":{},"end":{}}],"line":59},"13":{"loc":{"start":{"line":63,"column":13},"end":{"line":63,"column":72}},"type":"cond-expr","locations":[{"start":{"line":63,"column":55},"end":{"line":63,"column":61}},{"start":{"line":63,"column":64},"end":{"line":63,"column":72}}],"line":63}},"s":{"0":1,"1":1,"2":1,"3":1,"4":23,"5":2,"6":1,"7":10,"8":1,"9":1,"10":12,"11":12,"12":12,"13":11,"14":10,"15":9,"16":1,"17":1,"18":7,"19":1,"20":13,"21":1,"22":1,"23":21,"24":1,"25":6,"26":1,"27":6,"28":6,"29":1,"30":14,"31":1,"32":13,"33":13,"34":12,"35":7,"36":7,"37":1,"38":6,"39":6,"40":6,"41":6,"42":6,"43":1},"f":{"0":23,"1":10,"2":12,"3":13,"4":21,"5":6,"6":6,"7":14},"b":{"0":[2,21],"1":[1,9],"2":[1,1,7],"3":[9,9],"4":[8,8],"5":[1,12],"6":[21,2],"7":[1,5],"8":[1,5],"9":[1,5],"10":[6,2,5,4],"11":[1,13],"12":[1,6],"13":[4,2]},"_coverageSchema":"1a1c01bbd47fc00a2c39e90264f33305004495a9","hash":"9e1a172d63a82b1bde955ed9f2677255ba9285c8"}
,"C:\\Users\\trill\\Desktop\\Faculdade\\projeto04\\src\\handlerElephants.js": {"path":"C:\\Users\\trill\\Desktop\\Faculdade\\projeto04\\src\\handlerElephants.js","statementMap":{"0":{"start":{"line":1,"column":20},"end":{"line":1,"column":47}},"1":{"start":{"line":3,"column":21},"end":{"line":4,"column":55}},"2":{"start":{"line":4,"column":2},"end":{"line":4,"column":55}},"3":{"start":{"line":4,"column":27},"end":{"line":4,"column":54}},"4":{"start":{"line":6,"column":19},"end":{"line":7,"column":79}},"5":{"start":{"line":7,"column":2},"end":{"line":7,"column":79}},"6":{"start":{"line":7,"column":38},"end":{"line":7,"column":56}},"7":{"start":{"line":9,"column":20},"end":{"line":20,"column":1}},"8":{"start":{"line":10,"column":2},"end":{"line":19,"column":3}},"9":{"start":{"line":12,"column":4},"end":{"line":12,"column":38}},"10":{"start":{"line":14,"column":4},"end":{"line":14,"column":64}},"11":{"start":{"line":14,"column":49},"end":{"line":14,"column":62}},"12":{"start":{"line":16,"column":4},"end":{"line":16,"column":33}},"13":{"start":{"line":18,"column":4},"end":{"line":18,"column":16}},"14":{"start":{"line":22,"column":25},"end":{"line":34,"column":1}},"15":{"start":{"line":23,"column":2},"end":{"line":25,"column":3}},"16":{"start":{"line":24,"column":4},"end":{"line":24,"column":21}},"17":{"start":{"line":26,"column":2},"end":{"line":28,"column":3}},"18":{"start":{"line":27,"column":4},"end":{"line":27,"column":57}},"19":{"start":{"line":29,"column":20},"end":{"line":29,"column":34}},"20":{"start":{"line":30,"column":2},"end":{"line":32,"column":3}},"21":{"start":{"line":31,"column":4},"end":{"line":31,"column":28}},"22":{"start":{"line":33,"column":2},"end":{"line":33,"column":39}},"23":{"start":{"line":36,"column":0},"end":{"line":36,"column":34}}},"fnMap":{"0":{"name":"(anonymous_0)","decl":{"start":{"line":3,"column":21},"end":{"line":3,"column":22}},"loc":{"start":{"line":4,"column":2},"end":{"line":4,"column":55}},"line":4},"1":{"name":"(anonymous_1)","decl":{"start":{"line":4,"column":15},"end":{"line":4,"column":16}},"loc":{"start":{"line":4,"column":27},"end":{"line":4,"column":54}},"line":4},"2":{"name":"(anonymous_2)","decl":{"start":{"line":6,"column":19},"end":{"line":6,"column":20}},"loc":{"start":{"line":7,"column":2},"end":{"line":7,"column":79}},"line":7},"3":{"name":"(anonymous_3)","decl":{"start":{"line":7,"column":19},"end":{"line":7,"column":20}},"loc":{"start":{"line":7,"column":38},"end":{"line":7,"column":56}},"line":7},"4":{"name":"(anonymous_4)","decl":{"start":{"line":9,"column":20},"end":{"line":9,"column":21}},"loc":{"start":{"line":9,"column":42},"end":{"line":20,"column":1}},"line":9},"5":{"name":"(anonymous_5)","decl":{"start":{"line":14,"column":35},"end":{"line":14,"column":36}},"loc":{"start":{"line":14,"column":49},"end":{"line":14,"column":62}},"line":14},"6":{"name":"(anonymous_6)","decl":{"start":{"line":22,"column":25},"end":{"line":22,"column":26}},"loc":{"start":{"line":22,"column":36},"end":{"line":34,"column":1}},"line":22}},"branchMap":{"0":{"loc":{"start":{"line":10,"column":2},"end":{"line":19,"column":3}},"type":"switch","locations":[{"start":{"line":11,"column":2},"end":{"line":12,"column":38}},{"start":{"line":13,"column":2},"end":{"line":14,"column":64}},{"start":{"line":15,"column":2},"end":{"line":16,"column":33}},{"start":{"line":17,"column":2},"end":{"line":18,"column":16}}],"line":10},"1":{"loc":{"start":{"line":23,"column":2},"end":{"line":25,"column":3}},"type":"if","locations":[{"start":{"line":23,"column":2},"end":{"line":25,"column":3}},{"start":{},"end":{}}],"line":23},"2":{"loc":{"start":{"line":26,"column":2},"end":{"line":28,"column":3}},"type":"if","locations":[{"start":{"line":26,"column":2},"end":{"line":28,"column":3}},{"start":{},"end":{}}],"line":26},"3":{"loc":{"start":{"line":30,"column":2},"end":{"line":32,"column":3}},"type":"if","locations":[{"start":{"line":30,"column":2},"end":{"line":32,"column":3}},{"start":{},"end":{}}],"line":30}},"s":{"0":1,"1":1,"2":7,"3":56,"4":1,"5":1,"6":4,"7":1,"8":4,"9":1,"10":1,"11":4,"12":1,"13":1,"14":1,"15":9,"16":1,"17":8,"18":1,"19":7,"20":7,"21":3,"22":4,"23":1},"f":{"0":7,"1":56,"2":1,"3":4,"4":4,"5":4,"6":9},"b":{"0":[1,1,1,1],"1":[1,8],"2":[1,7],"3":[3,4]},"_coverageSchema":"1a1c01bbd47fc00a2c39e90264f33305004495a9","hash":"e33683968340aa76d95c06f033ed9c2950a6ae94"}
}
