TN:
SF:data\zoo_data.js
FNF:0
FNH:0
DA:1,8
DA:2,8
DA:3,8
DA:4,8
DA:5,8
DA:6,8
DA:7,8
DA:8,8
DA:10,8
DA:11,8
DA:12,8
DA:14,8
LF:12
LH:12
BRF:0
BRH:0
end_of_record
TN:
SF:src\countAnimals.js
FN:3,countAnimals
FN:8,(anonymous_1)
FN:16,(anonymous_2)
FN:26,(anonymous_3)
FNF:4
FNH:4
FNDA:5,countAnimals
FNDA:9,(anonymous_1)
FNDA:11,(anonymous_2)
FNDA:13,(anonymous_3)
DA:1,1
DA:4,5
DA:5,1
DA:6,1
DA:8,1
DA:9,9
DA:10,9
DA:11,9
DA:13,1
DA:15,4
DA:16,11
DA:17,2
DA:18,2
DA:19,7
DA:20,2
DA:23,2
DA:26,13
DA:27,2
DA:31,1
LF:19
LH:19
BRDA:4,0,0,1
BRDA:4,0,1,4
BRDA:15,1,0,2
BRDA:15,1,1,2
BRDA:19,2,0,2
BRDA:19,2,1,5
BRF:6
BRH:6
end_of_record
TN:
SF:src\getAnimalMap.js
FN:4,(anonymous_0)
FN:25,(anonymous_1)
FN:27,(anonymous_2)
FN:28,(anonymous_3)
FN:31,(anonymous_4)
FN:36,(anonymous_5)
FN:50,(anonymous_6)
FN:61,getAnimalMap
FNF:8
FNH:8
FNDA:9,(anonymous_0)
FNDA:16,(anonymous_1)
FNDA:36,(anonymous_2)
FNDA:180,(anonymous_3)
FNDA:62,(anonymous_4)
FNDA:62,(anonymous_5)
FNDA:4,(anonymous_6)
FNDA:7,getAnimalMap
DA:1,1
DA:3,1
DA:4,1
DA:5,9
DA:6,2
DA:8,9
DA:9,3
DA:11,9
DA:12,2
DA:14,9
DA:15,2
DA:18,1
DA:25,1
DA:26,16
DA:27,16
DA:28,180
DA:29,36
DA:30,36
DA:31,18
DA:32,62
DA:36,18
DA:37,62
DA:38,28
DA:42,36
DA:43,18
DA:45,36
DA:47,16
DA:50,1
DA:51,4
DA:57,4
DA:58,4
DA:62,7
DA:63,1
DA:65,6
DA:66,2
DA:68,4
DA:69,2
DA:70,1
DA:73,1
DA:76,2
DA:77,1
DA:80,1
DA:84,1
LF:43
LH:43
BRDA:5,0,0,2
BRDA:5,0,1,7
BRDA:8,1,0,3
BRDA:8,1,1,6
BRDA:11,2,0,2
BRDA:11,2,1,7
BRDA:14,3,0,2
BRDA:14,3,1,7
BRDA:30,4,0,18
BRDA:30,4,1,18
BRDA:37,5,0,28
BRDA:37,5,1,34
BRDA:42,6,0,18
BRDA:42,6,1,18
BRDA:62,7,0,1
BRDA:62,7,1,6
BRDA:65,8,0,2
BRDA:65,8,1,4
BRDA:68,9,0,2
BRDA:68,9,1,2
BRDA:69,10,0,1
BRDA:69,10,1,1
BRDA:69,11,0,2
BRDA:69,11,1,2
BRDA:76,12,0,1
BRDA:76,12,1,1
BRDA:76,13,0,2
BRDA:76,13,1,2
BRF:28
BRH:28
end_of_record
TN:
SF:src\getAnimalsOlderThan.js
FN:3,getAnimalsOlderThan
FN:4,(anonymous_1)
FN:5,(anonymous_2)
FNF:3
FNH:3
FNDA:2,getAnimalsOlderThan
FNDA:9,(anonymous_1)
FNDA:7,(anonymous_2)
DA:1,1
DA:4,9
DA:5,7
DA:6,2
DA:9,1
LF:5
LH:5
BRF:0
BRH:0
end_of_record
TN:
SF:src\getOpeningHours.js
FN:6,(anonymous_0)
FN:12,(anonymous_1)
FN:18,(anonymous_2)
FN:34,(anonymous_3)
FN:40,(anonymous_4)
FN:42,(anonymous_5)
FN:48,(anonymous_6)
FN:53,(anonymous_7)
FNF:8
FNH:8
FNDA:21,(anonymous_0)
FNDA:9,(anonymous_1)
FNDA:11,(anonymous_2)
FNDA:12,(anonymous_3)
FNDA:19,(anonymous_4)
FNDA:5,(anonymous_5)
FNDA:5,(anonymous_6)
FNDA:13,(anonymous_7)
DA:1,1
DA:3,1
DA:4,1
DA:6,1
DA:7,21
DA:8,2
DA:12,1
DA:13,9
DA:14,1
DA:18,1
DA:19,11
DA:20,11
DA:21,11
DA:22,10
DA:23,9
DA:24,8
DA:26,1
DA:28,1
DA:30,6
DA:34,1
DA:35,12
DA:36,1
DA:40,19
DA:42,5
DA:48,1
DA:49,5
DA:50,5
DA:53,1
DA:54,13
DA:55,12
DA:56,12
DA:57,11
DA:58,6
DA:59,6
DA:60,5
DA:61,5
DA:62,5
DA:63,5
DA:64,5
DA:67,1
LF:40
LH:40
BRDA:7,0,0,2
BRDA:7,0,1,19
BRDA:13,1,0,1
BRDA:13,1,1,8
BRDA:24,2,0,1
BRDA:24,2,1,1
BRDA:24,2,2,6
BRDA:25,3,0,8
BRDA:25,3,1,8
BRDA:27,4,0,7
BRDA:27,4,1,7
BRDA:35,5,0,1
BRDA:35,5,1,11
BRDA:40,6,0,19
BRDA:40,6,1,2
BRDA:43,7,0,1
BRDA:43,7,1,4
BRDA:44,8,0,1
BRDA:44,8,1,4
BRDA:45,9,0,1
BRDA:45,9,1,4
BRDA:50,10,0,5
BRDA:50,10,1,2
BRDA:50,10,2,4
BRDA:50,10,3,3
BRDA:54,11,0,1
BRDA:54,11,1,12
BRDA:59,12,0,1
BRDA:59,12,1,5
BRDA:63,13,0,3
BRDA:63,13,1,2
BRF:31
BRH:31
end_of_record
TN:
SF:src\getRelatedEmployees.js
FN:3,(anonymous_0)
FN:5,(anonymous_1)
FN:5,(anonymous_2)
FN:7,getRelatedEmployees
FN:14,(anonymous_4)
FNF:5
FNH:5
FNDA:8,(anonymous_0)
FNDA:6,(anonymous_1)
FNDA:22,(anonymous_2)
FNDA:2,getRelatedEmployees
FNDA:10,(anonymous_4)
DA:1,1
DA:3,8
DA:5,22
DA:8,2
DA:9,1
DA:12,1
DA:13,1
DA:14,10
DA:15,8
DA:16,3
DA:19,1
DA:23,1
LF:12
LH:12
BRDA:8,0,0,1
BRDA:8,0,1,1
BRDA:15,1,0,3
BRDA:15,1,1,5
BRF:4
BRH:4
end_of_record
TN:
SF:src\getSchedule.js
FN:4,getSchedule
FN:5,(anonymous_1)
FN:6,(anonymous_2)
FN:9,(anonymous_3)
FN:11,(anonymous_4)
FN:36,(anonymous_5)
FN:40,(anonymous_6)
FNF:7
FNH:7
FNDA:7,getSchedule
FNDA:50,(anonymous_1)
FNDA:38,(anonymous_2)
FNDA:49,(anonymous_3)
FNDA:441,(anonymous_4)
FNDA:5,(anonymous_5)
FNDA:10,(anonymous_6)
DA:1,1
DA:5,50
DA:6,38
DA:8,7
DA:9,7
DA:10,49
DA:11,49
DA:12,441
DA:13,252
DA:16,49
DA:17,7
DA:20,42
DA:29,7
DA:30,1
DA:32,6
DA:33,1
DA:35,5
DA:36,5
DA:37,2
DA:40,10
DA:41,3
DA:46,1
LF:22
LH:22
BRDA:12,0,0,252
BRDA:12,0,1,189
BRDA:16,1,0,7
BRDA:16,1,1,42
BRDA:16,2,0,49
BRDA:16,2,1,7
BRDA:29,3,0,1
BRDA:29,3,1,6
BRDA:32,4,0,1
BRDA:32,4,1,5
BRDA:32,5,0,6
BRDA:32,5,1,4
BRDA:35,6,0,2
BRDA:35,6,1,3
BRF:14
BRH:14
end_of_record
TN:
SF:src\getSpeciesByIds.js
FN:4,getSpeciesByIds
FN:6,(anonymous_1)
FN:7,(anonymous_2)
FNF:3
FNH:3
FNDA:4,getSpeciesByIds
FNDA:4,(anonymous_1)
FNDA:13,(anonymous_2)
DA:1,1
DA:5,4
DA:6,4
DA:7,13
DA:9,4
DA:12,1
LF:6
LH:6
BRF:0
BRH:0
end_of_record
TN:
SF:src\handlerElephants.js
FN:3,(anonymous_0)
FN:4,(anonymous_1)
FN:6,(anonymous_2)
FN:7,(anonymous_3)
FN:9,(anonymous_4)
FN:14,(anonymous_5)
FN:22,(anonymous_6)
FNF:7
FNH:7
FNDA:7,(anonymous_0)
FNDA:56,(anonymous_1)
FNDA:1,(anonymous_2)
FNDA:4,(anonymous_3)
FNDA:4,(anonymous_4)
FNDA:4,(anonymous_5)
FNDA:9,(anonymous_6)
DA:1,1
DA:3,1
DA:4,56
DA:6,1
DA:7,4
DA:9,1
DA:10,4
DA:12,1
DA:14,4
DA:16,1
DA:18,1
DA:22,1
DA:23,9
DA:24,1
DA:26,8
DA:27,1
DA:29,7
DA:30,7
DA:31,3
DA:33,4
DA:36,1
LF:21
LH:21
BRDA:10,0,0,1
BRDA:10,0,1,1
BRDA:10,0,2,1
BRDA:10,0,3,1
BRDA:23,1,0,1
BRDA:23,1,1,8
BRDA:26,2,0,1
BRDA:26,2,1,7
BRDA:30,3,0,3
BRDA:30,3,1,4
BRF:10
BRH:10
end_of_record
