TN:
SF:data\zoo_data.js
FNF:0
FNH:0
DA:1,2
DA:2,2
DA:3,2
DA:4,2
DA:5,2
DA:6,2
DA:7,2
DA:8,2
DA:10,2
DA:11,2
DA:12,2
DA:14,2
LF:12
LH:12
BRF:0
BRH:0
end_of_record
TN:
SF:src\getOpeningHours.js
FN:6,(anonymous_0)
FN:12,(anonymous_1)
FN:18,(anonymous_2)
FN:34,(anonymous_3)
FN:40,(anonymous_4)
FN:42,(anonymous_5)
FN:48,(anonymous_6)
FN:53,(anonymous_7)
FNF:8
FNH:8
FNDA:23,(anonymous_0)
FNDA:10,(anonymous_1)
FNDA:12,(anonymous_2)
FNDA:13,(anonymous_3)
FNDA:21,(anonymous_4)
FNDA:6,(anonymous_5)
FNDA:6,(anonymous_6)
FNDA:14,(anonymous_7)
DA:1,1
DA:3,1
DA:4,1
DA:6,1
DA:7,23
DA:8,2
DA:12,1
DA:13,10
DA:14,1
DA:18,1
DA:19,12
DA:20,12
DA:21,12
DA:22,11
DA:23,10
DA:24,9
DA:26,1
DA:28,1
DA:30,7
DA:34,1
DA:35,13
DA:36,1
DA:40,21
DA:42,6
DA:48,1
DA:49,6
DA:50,6
DA:53,1
DA:54,14
DA:55,13
DA:56,13
DA:57,12
DA:58,7
DA:59,7
DA:60,6
DA:61,6
DA:62,6
DA:63,6
DA:64,6
DA:67,1
LF:40
LH:40
BRDA:7,0,0,2
BRDA:7,0,1,21
BRDA:13,1,0,1
BRDA:13,1,1,9
BRDA:24,2,0,1
BRDA:24,2,1,1
BRDA:24,2,2,7
BRDA:25,3,0,9
BRDA:25,3,1,9
BRDA:27,4,0,8
BRDA:27,4,1,8
BRDA:35,5,0,1
BRDA:35,5,1,12
BRDA:40,6,0,21
BRDA:40,6,1,2
BRDA:43,7,0,1
BRDA:43,7,1,5
BRDA:44,8,0,1
BRDA:44,8,1,5
BRDA:45,9,0,1
BRDA:45,9,1,5
BRDA:50,10,0,6
BRDA:50,10,1,2
BRDA:50,10,2,5
BRDA:50,10,3,4
BRDA:54,11,0,1
BRDA:54,11,1,13
BRDA:59,12,0,1
BRDA:59,12,1,6
BRDA:63,13,0,4
BRDA:63,13,1,2
BRF:31
BRH:31
end_of_record
TN:
SF:src\handlerElephants.js
FN:3,(anonymous_0)
FN:4,(anonymous_1)
FN:6,(anonymous_2)
FN:7,(anonymous_3)
FN:9,(anonymous_4)
FN:14,(anonymous_5)
FN:22,(anonymous_6)
FNF:7
FNH:7
FNDA:7,(anonymous_0)
FNDA:56,(anonymous_1)
FNDA:1,(anonymous_2)
FNDA:4,(anonymous_3)
FNDA:4,(anonymous_4)
FNDA:4,(anonymous_5)
FNDA:9,(anonymous_6)
DA:1,1
DA:3,1
DA:4,56
DA:6,1
DA:7,4
DA:9,1
DA:10,4
DA:12,1
DA:14,4
DA:16,1
DA:18,1
DA:22,1
DA:23,9
DA:24,1
DA:26,8
DA:27,1
DA:29,7
DA:30,7
DA:31,3
DA:33,4
DA:36,1
LF:21
LH:21
BRDA:10,0,0,1
BRDA:10,0,1,1
BRDA:10,0,2,1
BRDA:10,0,3,1
BRDA:23,1,0,1
BRDA:23,1,1,8
BRDA:26,2,0,1
BRDA:26,2,1,7
BRDA:30,3,0,3
BRDA:30,3,1,4
BRF:10
BRH:10
end_of_record
